<?xml version="1.0" encoding="UTF-8"?>
<testsuite xmlns:xsi="http://www.w3.org/2001/XMLSchema-instance" xsi:noNamespaceSchemaLocation="https://maven.apache.org/surefire/maven-surefire-plugin/xsd/surefire-test-report.xsd" version="3.0.2" name="com.poc.pos.application.service.AuthorizeTransactionUseCaseTest" time="0.339" tests="2" errors="0" skipped="0" failures="0">
  <properties>
[...]
</properties>
  <testcase name="shouldReturnExistingTransactionOnRepeatedAuthorizeWithoutCallingProcessorAgain" classname="com.poc.pos.application.service.AuthorizeTransactionUseCaseTest" time="0.196"/>
  <testcase name="shouldRereadOnUniqueConflictDuringConcurrentAuthorize" classname="com.poc.pos.application.service.AuthorizeTransactionUseCaseTest" time="0.029"/>
</testsuite>